<?xml version="1.0"?>
<testsuite name="HeadlessChrome 76.0.3809 (Windows 10.0.0)" package="" timestamp="2019-08-20T20:41:48" id="0" hostname="CTJ-185513" tests="3" errors="1" failures="3" time="0.467">
  <properties>
    <property name="browser.fullName" value="Mozilla/5.0 (Windows NT 10.0; Win64; x64) AppleWebKit/537.36 (KHTML, like Gecko) HeadlessChrome/76.0.3809.100 Safari/537.36"/>
  </properties>
  <testcase name="AppComponent should have as title 'Titulo'" time="0.353" classname="HeadlessChrome_76_0_3809_(Windows_10_0_0).AppComponent">
    <failure type="">Error: Expected undefined to equal 'Titulo'.
    at &lt;Jasmine&gt;
    at UserContext.&lt;anonymous&gt; (http://localhost:9876/_karma_webpack_/src/app/app.component.spec.ts:28:23)
    at ZoneDelegate.invoke (http://localhost:9876/_karma_webpack_/node_modules/zone.js/dist/zone-evergreen.js:359:1)
    at ProxyZoneSpec.push../node_modules/zone.js/dist/zone-testing.js.ProxyZoneSpec.onInvoke (http://localhost:9876/_karma_webpack_/node_modules/zone.js/dist/zone-testing.js:308:1)
</failure>
  </testcase>
  <testcase name="AppComponent should render title in a h1 tag" time="0.079" classname="HeadlessChrome_76_0_3809_(Windows_10_0_0).AppComponent">
    <failure type="">Error: Expected ' Welcome to ! ' to contain 'Welcome to Titulo!'.
    at &lt;Jasmine&gt;
    at UserContext.&lt;anonymous&gt; (http://localhost:9876/_karma_webpack_/src/app/app.component.spec.ts:35:54)
    at ZoneDelegate.invoke (http://localhost:9876/_karma_webpack_/node_modules/zone.js/dist/zone-evergreen.js:359:1)
    at ProxyZoneSpec.push../node_modules/zone.js/dist/zone-testing.js.ProxyZoneSpec.onInvoke (http://localhost:9876/_karma_webpack_/node_modules/zone.js/dist/zone-testing.js:308:1)
</failure>
  </testcase>
  <testcase name="AppComponent should create the app" time="0.035" classname="HeadlessChrome_76_0_3809_(Windows_10_0_0).AppComponent">
    <failure type="">Uncaught [object Object] thrown
</failure>
  </testcase>
  <system-out>
    <![CDATA[HeadlessChrome 76.0.3809 (Windows 10.0.0) ERROR: HttpErrorResponse{headers: HttpHeaders{normalizedNames: Map{}, lazyUpdate: null, headers: Map{}}, status: 0, statusText: 'Unknown Error', url: 'http://sistema-api-ci.tjmt.jus.br:9090/titles', ok: false, name: 'HttpErrorResponse', message: 'Http failure response for http://sistema-api-ci.tjmt.jus.br:9090/titles: 0 Unknown Error', error: ProgressEvent{isTrusted: true}}

]]>
  </system-out>
  <system-err/>
</testsuite>