<?xml version="1.0"?>
<testsuite name="HeadlessChrome 77.0.3844 (Windows 10.0.0)" package="" timestamp="2019-08-20T20:34:07" id="0" hostname="CTJ-185513" tests="3" errors="0" failures="2" time="0.299">
  <properties>
    <property name="browser.fullName" value="Mozilla/5.0 (Windows NT 10.0; Win64; x64) AppleWebKit/537.36 (KHTML, like Gecko) HeadlessChrome/77.0.3844.0 Safari/537.36"/>
  </properties>
  <testcase name="AppComponent should create the app" time="0.087" classname="HeadlessChrome_77_0_3844_(Windows_10_0_0).AppComponent"/>
  <testcase name="AppComponent should have as title 'Titulo'" time="0.161" classname="HeadlessChrome_77_0_3844_(Windows_10_0_0).AppComponent">
    <failure type="">Error: Expected undefined to equal 'Titulo'.
    at &lt;Jasmine&gt;
    at UserContext.&lt;anonymous&gt; (http://localhost:9876/_karma_webpack_/src/app/app.component.spec.ts:28:23)
    at ZoneDelegate.invoke (http://localhost:9876/_karma_webpack_/node_modules/zone.js/dist/zone-evergreen.js:359:1)
    at ProxyZoneSpec.push../node_modules/zone.js/dist/zone-testing.js.ProxyZoneSpec.onInvoke (http://localhost:9876/_karma_webpack_/node_modules/zone.js/dist/zone-testing.js:308:1)
</failure>
  </testcase>
  <testcase name="AppComponent should render title in a h1 tag" time="0.051" classname="HeadlessChrome_77_0_3844_(Windows_10_0_0).AppComponent">
    <failure type="">Error: Expected ' Welcome to ! ' to contain 'Welcome to Titulo!'.
    at &lt;Jasmine&gt;
    at UserContext.&lt;anonymous&gt; (http://localhost:9876/_karma_webpack_/src/app/app.component.spec.ts:35:54)
    at ZoneDelegate.invoke (http://localhost:9876/_karma_webpack_/node_modules/zone.js/dist/zone-evergreen.js:359:1)
    at ProxyZoneSpec.push../node_modules/zone.js/dist/zone-testing.js.ProxyZoneSpec.onInvoke (http://localhost:9876/_karma_webpack_/node_modules/zone.js/dist/zone-testing.js:308:1)
</failure>
  </testcase>
  <system-out>
    <![CDATA[
]]>
  </system-out>
  <system-err/>
</testsuite>