TN:
SF:D:\WORK\code\docker\docker-cd\src\polyfills.ts
FNF:0
FNH:0
LF:0
LH:0
BRF:0
BRH:0
end_of_record
TN:
SF:D:\WORK\code\docker\docker-cd\src\test.ts
FNF:0
FNH:0
DA:13,1
DA:18,1
DA:20,1
LF:3
LH:3
BRF:0
BRH:0
end_of_record
TN:
SF:D:\WORK\code\docker\docker-cd\src\app\app.component.ts
FN:14,(anonymous_0)
FN:16,(anonymous_1)
FN:18,(anonymous_2)
FN:19,(anonymous_3)
FN:23,(anonymous_4)
FN:28,(anonymous_5)
FNF:6
FNH:4
FNDA:3,(anonymous_0)
FNDA:1,(anonymous_1)
FNDA:0,(anonymous_2)
FNDA:1,(anonymous_3)
FNDA:0,(anonymous_4)
FNDA:2,(anonymous_5)
DA:11,1
DA:13,3
DA:14,3
DA:17,1
DA:18,0
DA:20,1
DA:21,1
DA:24,0
DA:25,0
DA:29,2
LF:10
LH:7
BRF:0
BRH:0
end_of_record
